<?xml version="1.0" encoding="UTF-8"?>
<!-- Generated by org.testng.reporters.JUnitXMLReporter -->
<testsuite ignored="0" hostname="Ragul-LAP" failures="1" tests="1" name="Test" time="4.781" errors="0" timestamp="2024-09-17T18:43:03 IST">
  <testcase classname="com.cricbuzz.tests.TC001_EnterRankings" name="test1" time="0.0">
    <failure type="org.testng.TestNGException" message="
Cannot inject @Test annotated Method [test1] with [class java.lang.String].
For more information on native dependency injection please refer to https://testng.org/doc/documentation-main.html#native-dependency-injection">
      <![CDATA[org.testng.TestNGException: 
Cannot inject @Test annotated Method [test1] with [class java.lang.String].
For more information on native dependency injection please refer to https://testng.org/doc/documentation-main.html#native-dependency-injection
at java.base/java.util.ArrayList.forEach(ArrayList.java:1511)
... Removed 26 stack frames]]>
    </failure>
  </testcase> <!-- test1 -->
</testsuite> <!-- Test -->
