<?xml version="1.0" encoding="UTF-8"?>
<testng-results ignored="0" total="1" passed="1" failed="0" skipped="0">
  <reporter-output>
  </reporter-output>
  <suite started-at="2024-09-17T19:03:25 IST" name="Suite" finished-at="2024-09-17T19:03:31 IST" duration-ms="6418">
    <groups>
    </groups>
    <test started-at="2024-09-17T19:03:25 IST" name="Test" finished-at="2024-09-17T19:03:31 IST" duration-ms="6418">
      <class name="com.cricbuzz.tests.TC001_EnterRankings">
        <test-method is-config="true" signature="setup()[pri:0, instance:com.cricbuzz.tests.TC001_EnterRankings@222545dc]" started-at="2024-09-17T19:03:25 IST" name="setup" finished-at="2024-09-17T19:03:31 IST" duration-ms="5664" status="PASS">
          <reporter-output>
          </reporter-output>
        </test-method> <!-- setup -->
        <test-method signature="test1()[pri:0, instance:com.cricbuzz.tests.TC001_EnterRankings@222545dc]" started-at="2024-09-17T19:03:31 IST" name="test1" finished-at="2024-09-17T19:03:31 IST" duration-ms="644" status="PASS">
          <reporter-output>
          </reporter-output>
        </test-method> <!-- test1 -->
        <test-method is-config="true" signature="tearDown()[pri:0, instance:com.cricbuzz.tests.TC001_EnterRankings@222545dc]" started-at="2024-09-17T19:03:31 IST" name="tearDown" finished-at="2024-09-17T19:03:31 IST" duration-ms="85" status="PASS">
          <reporter-output>
          </reporter-output>
        </test-method> <!-- tearDown -->
      </class> <!-- com.cricbuzz.tests.TC001_EnterRankings -->
    </test> <!-- Test -->
  </suite> <!-- Suite -->
</testng-results>
