<?xml version="1.0" encoding="UTF-8"?>
<testng-results ignored="0" total="1" passed="1" failed="0" skipped="0">
  <reporter-output>
  </reporter-output>
  <suite started-at="2024-09-17T23:12:39 IST" name="Default suite" finished-at="2024-09-17T23:12:46 IST" duration-ms="6310">
    <groups>
    </groups>
    <test started-at="2024-09-17T23:12:39 IST" name="Default test" finished-at="2024-09-17T23:12:46 IST" duration-ms="6310">
      <class name="com.cricbuzz.tests.TC001_EnterSchedule">
        <test-method is-config="true" signature="setup()[pri:0, instance:com.cricbuzz.tests.TC001_EnterSchedule@6572421]" started-at="2024-09-17T23:12:39 IST" name="setup" finished-at="2024-09-17T23:12:45 IST" duration-ms="5436" status="PASS">
          <reporter-output>
          </reporter-output>
        </test-method> <!-- setup -->
        <test-method signature="testMeth()[pri:0, instance:com.cricbuzz.tests.TC001_EnterSchedule@6572421]" started-at="2024-09-17T23:12:45 IST" name="testMeth" finished-at="2024-09-17T23:12:45 IST" duration-ms="479" status="PASS">
          <reporter-output>
          </reporter-output>
        </test-method> <!-- testMeth -->
        <test-method is-config="true" signature="tearDown()[pri:0, instance:com.cricbuzz.tests.TC001_EnterSchedule@6572421]" started-at="2024-09-17T23:12:45 IST" name="tearDown" finished-at="2024-09-17T23:12:46 IST" duration-ms="368" status="PASS">
          <reporter-output>
          </reporter-output>
        </test-method> <!-- tearDown -->
      </class> <!-- com.cricbuzz.tests.TC001_EnterSchedule -->
    </test> <!-- Default test -->
  </suite> <!-- Default suite -->
</testng-results>
